<?xml version='1.1' encoding='UTF-8'?>
<result plugin="junit@1.24">
  <suites>
    <suite>
      <file>/var/jenkins_home/workspace/petclinic/target/surefire-reports/TEST-org.springframework.samples.petclinic.model.ValidatorTests.xml</file>
      <name>org.springframework.samples.petclinic.model.ValidatorTests</name>
      <duration>1.765</duration>
      <time>1.765</time>
      <nodeId>24</nodeId>
      <enclosingBlocks>
        <string>23</string>
      </enclosingBlocks>
      <enclosingBlockNames>
        <string>unit test</string>
      </enclosingBlockNames>
      <cases>
        <case>
          <duration>1.765</duration>
          <className>org.springframework.samples.petclinic.model.ValidatorTests</className>
          <testName>shouldNotValidateWhenFirstNameEmpty</testName>
          <skipped>false</skipped>
          <failedSince>0</failedSince>
        </case>
      </cases>
    </suite>
    <suite>
      <file>/var/jenkins_home/workspace/petclinic/target/surefire-reports/TEST-org.springframework.samples.petclinic.service.ClinicServiceJdbcTests.xml</file>
      <name>org.springframework.samples.petclinic.service.ClinicServiceJdbcTests</name>
      <duration>0.537</duration>
      <time>0.537</time>
      <nodeId>24</nodeId>
      <enclosingBlocks>
        <string>23</string>
      </enclosingBlocks>
      <enclosingBlockNames>
        <string>unit test</string>
      </enclosingBlockNames>
      <cases>
        <case>
          <duration>0.055</duration>
          <className>org.springframework.samples.petclinic.service.ClinicServiceJdbcTests</className>
          <testName>shouldFindVets</testName>
          <skipped>false</skipped>
          <failedSince>0</failedSince>
        </case>
        <case>
          <duration>0.04</duration>
          <className>org.springframework.samples.petclinic.service.ClinicServiceJdbcTests</className>
          <testName>shouldFindOwnersByLastName</testName>
          <skipped>false</skipped>
          <failedSince>0</failedSince>
        </case>
        <case>
          <duration>0.164</duration>
          <className>org.springframework.samples.petclinic.service.ClinicServiceJdbcTests</className>
          <testName>shouldAddNewVisitForPet</testName>
          <skipped>false</skipped>
          <failedSince>0</failedSince>
        </case>
        <case>
          <duration>0.036</duration>
          <className>org.springframework.samples.petclinic.service.ClinicServiceJdbcTests</className>
          <testName>shouldUpdateOwner</testName>
          <skipped>false</skipped>
          <failedSince>0</failedSince>
        </case>
        <case>
          <duration>0.0</duration>
          <className>org.springframework.samples.petclinic.service.ClinicServiceJdbcTests</className>
          <testName>shouldFindVisitsByPetId</testName>
          <skipped>false</skipped>
          <failedSince>0</failedSince>
        </case>
        <case>
          <duration>0.058</duration>
          <className>org.springframework.samples.petclinic.service.ClinicServiceJdbcTests</className>
          <testName>shouldInsertPetIntoDatabaseAndGenerateId</testName>
          <skipped>false</skipped>
          <failedSince>0</failedSince>
        </case>
        <case>
          <duration>0.096</duration>
          <className>org.springframework.samples.petclinic.service.ClinicServiceJdbcTests</className>
          <testName>shouldInsertOwner</testName>
          <skipped>false</skipped>
          <failedSince>0</failedSince>
        </case>
        <case>
          <duration>0.0</duration>
          <className>org.springframework.samples.petclinic.service.ClinicServiceJdbcTests</className>
          <testName>shouldFindSingleOwnerWithPet</testName>
          <skipped>false</skipped>
          <failedSince>0</failedSince>
        </case>
        <case>
          <duration>0.04</duration>
          <className>org.springframework.samples.petclinic.service.ClinicServiceJdbcTests</className>
          <testName>shouldUpdatePetName</testName>
          <skipped>false</skipped>
          <failedSince>0</failedSince>
        </case>
        <case>
          <duration>0.018</duration>
          <className>org.springframework.samples.petclinic.service.ClinicServiceJdbcTests</className>
          <testName>shouldFindAllPetTypes</testName>
          <skipped>false</skipped>
          <failedSince>0</failedSince>
        </case>
        <case>
          <duration>0.03</duration>
          <className>org.springframework.samples.petclinic.service.ClinicServiceJdbcTests</className>
          <testName>shouldFindPetWithCorrectId</testName>
          <skipped>false</skipped>
          <failedSince>0</failedSince>
        </case>
      </cases>
    </suite>
    <suite>
      <file>/var/jenkins_home/workspace/petclinic/target/surefire-reports/TEST-org.springframework.samples.petclinic.service.ClinicServiceJpaTests.xml</file>
      <name>org.springframework.samples.petclinic.service.ClinicServiceJpaTests</name>
      <duration>1.141</duration>
      <time>1.141</time>
      <nodeId>24</nodeId>
      <enclosingBlocks>
        <string>23</string>
      </enclosingBlocks>
      <enclosingBlockNames>
        <string>unit test</string>
      </enclosingBlockNames>
      <cases>
        <case>
          <duration>0.609</duration>
          <className>org.springframework.samples.petclinic.service.ClinicServiceJpaTests</className>
          <testName>shouldFindVets</testName>
          <skipped>false</skipped>
          <failedSince>0</failedSince>
        </case>
        <case>
          <duration>0.136</duration>
          <className>org.springframework.samples.petclinic.service.ClinicServiceJpaTests</className>
          <testName>shouldFindOwnersByLastName</testName>
          <skipped>false</skipped>
          <failedSince>0</failedSince>
        </case>
        <case>
          <duration>0.087</duration>
          <className>org.springframework.samples.petclinic.service.ClinicServiceJpaTests</className>
          <testName>shouldAddNewVisitForPet</testName>
          <skipped>false</skipped>
          <failedSince>0</failedSince>
        </case>
        <case>
          <duration>0.142</duration>
          <className>org.springframework.samples.petclinic.service.ClinicServiceJpaTests</className>
          <testName>shouldUpdateOwner</testName>
          <skipped>false</skipped>
          <failedSince>0</failedSince>
        </case>
        <case>
          <duration>0.032</duration>
          <className>org.springframework.samples.petclinic.service.ClinicServiceJpaTests</className>
          <testName>shouldFindVisitsByPetId</testName>
          <skipped>false</skipped>
          <failedSince>0</failedSince>
        </case>
        <case>
          <duration>0.051</duration>
          <className>org.springframework.samples.petclinic.service.ClinicServiceJpaTests</className>
          <testName>shouldInsertPetIntoDatabaseAndGenerateId</testName>
          <skipped>false</skipped>
          <failedSince>0</failedSince>
        </case>
        <case>
          <duration>0.037</duration>
          <className>org.springframework.samples.petclinic.service.ClinicServiceJpaTests</className>
          <testName>shouldInsertOwner</testName>
          <skipped>false</skipped>
          <failedSince>0</failedSince>
        </case>
        <case>
          <duration>0.0</duration>
          <className>org.springframework.samples.petclinic.service.ClinicServiceJpaTests</className>
          <testName>shouldFindSingleOwnerWithPet</testName>
          <skipped>false</skipped>
          <failedSince>0</failedSince>
        </case>
        <case>
          <duration>0.025</duration>
          <className>org.springframework.samples.petclinic.service.ClinicServiceJpaTests</className>
          <testName>shouldUpdatePetName</testName>
          <skipped>false</skipped>
          <failedSince>0</failedSince>
        </case>
        <case>
          <duration>0.016</duration>
          <className>org.springframework.samples.petclinic.service.ClinicServiceJpaTests</className>
          <testName>shouldFindAllPetTypes</testName>
          <skipped>false</skipped>
          <failedSince>0</failedSince>
        </case>
        <case>
          <duration>0.006</duration>
          <className>org.springframework.samples.petclinic.service.ClinicServiceJpaTests</className>
          <testName>shouldFindPetWithCorrectId</testName>
          <skipped>false</skipped>
          <failedSince>0</failedSince>
        </case>
      </cases>
    </suite>
    <suite>
      <file>/var/jenkins_home/workspace/petclinic/target/surefire-reports/TEST-org.springframework.samples.petclinic.service.ClinicServiceSpringDataJpaTests.xml</file>
      <name>org.springframework.samples.petclinic.service.ClinicServiceSpringDataJpaTests</name>
      <duration>0.304</duration>
      <time>0.304</time>
      <nodeId>24</nodeId>
      <enclosingBlocks>
        <string>23</string>
      </enclosingBlocks>
      <enclosingBlockNames>
        <string>unit test</string>
      </enclosingBlockNames>
      <cases>
        <case>
          <duration>0.063</duration>
          <className>org.springframework.samples.petclinic.service.ClinicServiceSpringDataJpaTests</className>
          <testName>shouldFindVets</testName>
          <skipped>false</skipped>
          <failedSince>0</failedSince>
        </case>
        <case>
          <duration>0.038</duration>
          <className>org.springframework.samples.petclinic.service.ClinicServiceSpringDataJpaTests</className>
          <testName>shouldFindOwnersByLastName</testName>
          <skipped>false</skipped>
          <failedSince>0</failedSince>
        </case>
        <case>
          <duration>0.071</duration>
          <className>org.springframework.samples.petclinic.service.ClinicServiceSpringDataJpaTests</className>
          <testName>shouldAddNewVisitForPet</testName>
          <skipped>false</skipped>
          <failedSince>0</failedSince>
        </case>
        <case>
          <duration>0.009</duration>
          <className>org.springframework.samples.petclinic.service.ClinicServiceSpringDataJpaTests</className>
          <testName>shouldUpdateOwner</testName>
          <skipped>false</skipped>
          <failedSince>0</failedSince>
        </case>
        <case>
          <duration>0.001</duration>
          <className>org.springframework.samples.petclinic.service.ClinicServiceSpringDataJpaTests</className>
          <testName>shouldFindVisitsByPetId</testName>
          <skipped>false</skipped>
          <failedSince>0</failedSince>
        </case>
        <case>
          <duration>0.051</duration>
          <className>org.springframework.samples.petclinic.service.ClinicServiceSpringDataJpaTests</className>
          <testName>shouldInsertPetIntoDatabaseAndGenerateId</testName>
          <skipped>false</skipped>
          <failedSince>0</failedSince>
        </case>
        <case>
          <duration>0.021</duration>
          <className>org.springframework.samples.petclinic.service.ClinicServiceSpringDataJpaTests</className>
          <testName>shouldInsertOwner</testName>
          <skipped>false</skipped>
          <failedSince>0</failedSince>
        </case>
        <case>
          <duration>0.024</duration>
          <className>org.springframework.samples.petclinic.service.ClinicServiceSpringDataJpaTests</className>
          <testName>shouldFindSingleOwnerWithPet</testName>
          <skipped>false</skipped>
          <failedSince>0</failedSince>
        </case>
        <case>
          <duration>0.021</duration>
          <className>org.springframework.samples.petclinic.service.ClinicServiceSpringDataJpaTests</className>
          <testName>shouldUpdatePetName</testName>
          <skipped>false</skipped>
          <failedSince>0</failedSince>
        </case>
        <case>
          <duration>0.005</duration>
          <className>org.springframework.samples.petclinic.service.ClinicServiceSpringDataJpaTests</className>
          <testName>shouldFindAllPetTypes</testName>
          <skipped>false</skipped>
          <failedSince>0</failedSince>
        </case>
        <case>
          <duration>0.0</duration>
          <className>org.springframework.samples.petclinic.service.ClinicServiceSpringDataJpaTests</className>
          <testName>shouldFindPetWithCorrectId</testName>
          <skipped>false</skipped>
          <failedSince>0</failedSince>
        </case>
      </cases>
    </suite>
    <suite>
      <file>/var/jenkins_home/workspace/petclinic/target/surefire-reports/TEST-org.springframework.samples.petclinic.web.CrashControllerTests.xml</file>
      <name>org.springframework.samples.petclinic.web.CrashControllerTests</name>
      <duration>0.212</duration>
      <time>0.212</time>
      <nodeId>24</nodeId>
      <enclosingBlocks>
        <string>23</string>
      </enclosingBlocks>
      <enclosingBlockNames>
        <string>unit test</string>
      </enclosingBlockNames>
      <cases>
        <case>
          <duration>0.212</duration>
          <className>org.springframework.samples.petclinic.web.CrashControllerTests</className>
          <testName>testTriggerException</testName>
          <skipped>false</skipped>
          <failedSince>0</failedSince>
        </case>
      </cases>
    </suite>
    <suite>
      <file>/var/jenkins_home/workspace/petclinic/target/surefire-reports/TEST-org.springframework.samples.petclinic.web.OwnerControllerTests.xml</file>
      <name>org.springframework.samples.petclinic.web.OwnerControllerTests</name>
      <duration>0.916</duration>
      <time>0.916</time>
      <nodeId>24</nodeId>
      <enclosingBlocks>
        <string>23</string>
      </enclosingBlocks>
      <enclosingBlockNames>
        <string>unit test</string>
      </enclosingBlockNames>
      <cases>
        <case>
          <duration>0.11</duration>
          <className>org.springframework.samples.petclinic.web.OwnerControllerTests</className>
          <testName>testProcessUpdateOwnerFormHasErrors</testName>
          <skipped>false</skipped>
          <failedSince>0</failedSince>
        </case>
        <case>
          <duration>0.106</duration>
          <className>org.springframework.samples.petclinic.web.OwnerControllerTests</className>
          <testName>testProcessCreationFormSuccess</testName>
          <skipped>false</skipped>
          <failedSince>0</failedSince>
        </case>
        <case>
          <duration>0.064</duration>
          <className>org.springframework.samples.petclinic.web.OwnerControllerTests</className>
          <testName>testInitFindForm</testName>
          <skipped>false</skipped>
          <failedSince>0</failedSince>
        </case>
        <case>
          <duration>0.107</duration>
          <className>org.springframework.samples.petclinic.web.OwnerControllerTests</className>
          <testName>testShowOwner</testName>
          <skipped>false</skipped>
          <failedSince>0</failedSince>
        </case>
        <case>
          <duration>0.078</duration>
          <className>org.springframework.samples.petclinic.web.OwnerControllerTests</className>
          <testName>testInitUpdateOwnerForm</testName>
          <skipped>false</skipped>
          <failedSince>0</failedSince>
        </case>
        <case>
          <duration>0.023</duration>
          <className>org.springframework.samples.petclinic.web.OwnerControllerTests</className>
          <testName>testInitCreationForm</testName>
          <skipped>false</skipped>
          <failedSince>0</failedSince>
        </case>
        <case>
          <duration>0.077</duration>
          <className>org.springframework.samples.petclinic.web.OwnerControllerTests</className>
          <testName>testProcessFindFormByLastName</testName>
          <skipped>false</skipped>
          <failedSince>0</failedSince>
        </case>
        <case>
          <duration>0.053</duration>
          <className>org.springframework.samples.petclinic.web.OwnerControllerTests</className>
          <testName>testProcessFindFormNoOwnersFound</testName>
          <skipped>false</skipped>
          <failedSince>0</failedSince>
        </case>
        <case>
          <duration>0.092</duration>
          <className>org.springframework.samples.petclinic.web.OwnerControllerTests</className>
          <testName>testProcessFindFormSuccess</testName>
          <skipped>false</skipped>
          <failedSince>0</failedSince>
        </case>
        <case>
          <duration>0.141</duration>
          <className>org.springframework.samples.petclinic.web.OwnerControllerTests</className>
          <testName>testProcessUpdateOwnerFormSuccess</testName>
          <skipped>false</skipped>
          <failedSince>0</failedSince>
        </case>
        <case>
          <duration>0.065</duration>
          <className>org.springframework.samples.petclinic.web.OwnerControllerTests</className>
          <testName>testProcessCreationFormHasErrors</testName>
          <skipped>false</skipped>
          <failedSince>0</failedSince>
        </case>
      </cases>
    </suite>
    <suite>
      <file>/var/jenkins_home/workspace/petclinic/target/surefire-reports/TEST-org.springframework.samples.petclinic.web.PetControllerTests.xml</file>
      <name>org.springframework.samples.petclinic.web.PetControllerTests</name>
      <duration>0.385</duration>
      <time>0.385</time>
      <nodeId>24</nodeId>
      <enclosingBlocks>
        <string>23</string>
      </enclosingBlocks>
      <enclosingBlockNames>
        <string>unit test</string>
      </enclosingBlockNames>
      <cases>
        <case>
          <duration>0.066</duration>
          <className>org.springframework.samples.petclinic.web.PetControllerTests</className>
          <testName>testProcessCreationFormSuccess</testName>
          <skipped>false</skipped>
          <failedSince>0</failedSince>
        </case>
        <case>
          <duration>0.055</duration>
          <className>org.springframework.samples.petclinic.web.PetControllerTests</className>
          <testName>testProcessUpdateFormSuccess</testName>
          <skipped>false</skipped>
          <failedSince>0</failedSince>
        </case>
        <case>
          <duration>0.081</duration>
          <className>org.springframework.samples.petclinic.web.PetControllerTests</className>
          <testName>testInitUpdateForm</testName>
          <skipped>false</skipped>
          <failedSince>0</failedSince>
        </case>
        <case>
          <duration>0.052</duration>
          <className>org.springframework.samples.petclinic.web.PetControllerTests</className>
          <testName>testInitCreationForm</testName>
          <skipped>false</skipped>
          <failedSince>0</failedSince>
        </case>
        <case>
          <duration>0.057</duration>
          <className>org.springframework.samples.petclinic.web.PetControllerTests</className>
          <testName>testProcessCreationFormHasErrors</testName>
          <skipped>false</skipped>
          <failedSince>0</failedSince>
        </case>
        <case>
          <duration>0.074</duration>
          <className>org.springframework.samples.petclinic.web.PetControllerTests</className>
          <testName>testProcessUpdateFormHasErrors</testName>
          <skipped>false</skipped>
          <failedSince>0</failedSince>
        </case>
      </cases>
    </suite>
    <suite>
      <file>/var/jenkins_home/workspace/petclinic/target/surefire-reports/TEST-org.springframework.samples.petclinic.web.PetTypeFormatterTests.xml</file>
      <name>org.springframework.samples.petclinic.web.PetTypeFormatterTests</name>
      <duration>0.027</duration>
      <time>0.027</time>
      <nodeId>24</nodeId>
      <enclosingBlocks>
        <string>23</string>
      </enclosingBlocks>
      <enclosingBlockNames>
        <string>unit test</string>
      </enclosingBlockNames>
      <cases>
        <case>
          <duration>0.027</duration>
          <className>org.springframework.samples.petclinic.web.PetTypeFormatterTests</className>
          <testName>shouldThrowParseException</testName>
          <skipped>false</skipped>
          <failedSince>0</failedSince>
        </case>
        <case>
          <duration>0.0</duration>
          <className>org.springframework.samples.petclinic.web.PetTypeFormatterTests</className>
          <testName>testPrint</testName>
          <skipped>false</skipped>
          <failedSince>0</failedSince>
        </case>
        <case>
          <duration>0.0</duration>
          <className>org.springframework.samples.petclinic.web.PetTypeFormatterTests</className>
          <testName>shouldParse</testName>
          <skipped>false</skipped>
          <failedSince>0</failedSince>
        </case>
      </cases>
    </suite>
    <suite>
      <file>/var/jenkins_home/workspace/petclinic/target/surefire-reports/TEST-org.springframework.samples.petclinic.web.VetControllerTests.xml</file>
      <name>org.springframework.samples.petclinic.web.VetControllerTests</name>
      <duration>0.518</duration>
      <time>0.518</time>
      <nodeId>24</nodeId>
      <enclosingBlocks>
        <string>23</string>
      </enclosingBlocks>
      <enclosingBlockNames>
        <string>unit test</string>
      </enclosingBlockNames>
      <cases>
        <case>
          <duration>0.295</duration>
          <className>org.springframework.samples.petclinic.web.VetControllerTests</className>
          <testName>testShowVetListXml</testName>
          <skipped>false</skipped>
          <failedSince>0</failedSince>
        </case>
        <case>
          <duration>0.036</duration>
          <className>org.springframework.samples.petclinic.web.VetControllerTests</className>
          <testName>testShowVetListHtml</testName>
          <skipped>false</skipped>
          <failedSince>0</failedSince>
        </case>
        <case>
          <duration>0.187</duration>
          <className>org.springframework.samples.petclinic.web.VetControllerTests</className>
          <testName>testShowResourcesVetList</testName>
          <skipped>false</skipped>
          <failedSince>0</failedSince>
        </case>
      </cases>
    </suite>
    <suite>
      <file>/var/jenkins_home/workspace/petclinic/target/surefire-reports/TEST-org.springframework.samples.petclinic.web.VisitControllerTests.xml</file>
      <name>org.springframework.samples.petclinic.web.VisitControllerTests</name>
      <duration>0.345</duration>
      <time>0.345</time>
      <nodeId>24</nodeId>
      <enclosingBlocks>
        <string>23</string>
      </enclosingBlocks>
      <enclosingBlockNames>
        <string>unit test</string>
      </enclosingBlockNames>
      <cases>
        <case>
          <duration>0.099</duration>
          <className>org.springframework.samples.petclinic.web.VisitControllerTests</className>
          <testName>testProcessNewVisitFormHasErrors</testName>
          <skipped>false</skipped>
          <failedSince>0</failedSince>
        </case>
        <case>
          <duration>0.073</duration>
          <className>org.springframework.samples.petclinic.web.VisitControllerTests</className>
          <testName>testProcessNewVisitFormSuccess</testName>
          <skipped>false</skipped>
          <failedSince>0</failedSince>
        </case>
        <case>
          <duration>0.088</duration>
          <className>org.springframework.samples.petclinic.web.VisitControllerTests</className>
          <testName>testShowVisits</testName>
          <skipped>false</skipped>
          <failedSince>0</failedSince>
        </case>
        <case>
          <duration>0.085</duration>
          <className>org.springframework.samples.petclinic.web.VisitControllerTests</className>
          <testName>testInitNewVisitForm</testName>
          <skipped>false</skipped>
          <failedSince>0</failedSince>
        </case>
      </cases>
    </suite>
  </suites>
  <duration>6.15</duration>
  <keepLongStdio>false</keepLongStdio>
</result>